[+] Containers:
 |- [+] Container: /Game/MainScene
 |   |- [+] ActorDescs:
 |   |   |- Guid:03920DF94EEFC9F86CC66185D32A3DA1 BaseClass: NativeClass:/Script/Engine.StaticMeshActor Name:StaticMeshActor_UAID_A4AE111137DC54FB00_1240666663 Label:SM_SkySphere SpatiallyLoaded:0 Bounds:IsValid=true, Min=(X=-1638400.000 Y=-1638400.000 Z=-1638400.000), Max=(X=1638400.000 Y=1638400.000 Z=1638400.000) RuntimeGrid:None EditorOnly:0 RuntimeOnly:0 HLODRelevant:0 FolderPath:Lighting FolderGuid:B7E9BD5B45A652654791988DEF54CCEB
 |   |   |- Guid:0F2FD7C74F5E6185A12E4480A63778E3 BaseClass:/Game/Blueprints/Level/PlatformFactory.PlatformFactory_C NativeClass:/Script/TutorialProject2.PlatformFactory Name:PlatformFactory_C_UAID_D45D643E8209B37801_1671945383 Label:PlatformFactory SpatiallyLoaded:1 Bounds:IsValid=true, Min=(X=-80.223 Y=3155.940 Z=68.241), Max=(X=-80.223 Y=3155.940 Z=68.241) RuntimeGrid:None EditorOnly:0 RuntimeOnly:0 HLODRelevant:0
 |   |   |- Guid:1B2A3C1246130F57462BDF80B84BF25E BaseClass: NativeClass:/Script/Engine.PlayerStart Name:PlayerStart_UAID_244BFE572D7CD37E01_1639674351 Label:PlayerStart SpatiallyLoaded:0 Bounds:IsValid=true, Min=(X=403.144 Y=3072.439 Z=76.152), Max=(X=483.144 Y=3152.439 Z=260.152) RuntimeGrid:None EditorOnly:0 RuntimeOnly:0 HLODRelevant:0
 |   |   |- Guid:1DE8D7AC4103A2EABA11649C7FCF8ACA BaseClass: NativeClass:/Script/Engine.SkyLight Name:SkyLight_UAID_A85E45CFE40401D200_1470380759 Label:SkyLight SpatiallyLoaded:0 Bounds:IsValid=true, Min=(X=0.000 Y=0.000 Z=0.000), Max=(X=0.000 Y=0.000 Z=0.000) RuntimeGrid:None EditorOnly:0 RuntimeOnly:0 HLODRelevant:0 FolderPath:Lighting FolderGuid:B7E9BD5B45A652654791988DEF54CCEB
 |   |   |- Guid:218E3B124735712D7EF272B4FB8E7FF6 BaseClass: NativeClass:/Script/Landscape.Landscape Name:Landscape_UAID_A85E45CFE404FBD100_1221515703 Label:Landscape SpatiallyLoaded:0 Bounds:IsValid=true, Min=(X=-100800.000 Y=-100800.000 Z=100.000), Max=(X=-100800.000 Y=-100800.000 Z=100.000) RuntimeGrid:None EditorOnly:0 RuntimeOnly:0 HLODRelevant:0
 |   |   |- Guid:2CE12F874AA39D020A0F4BA5739BD305 BaseClass: NativeClass:/Script/Engine.SkyAtmosphere Name:SkyAtmosphere_UAID_A85E45CFE40401D200_1470382762 Label:SkyAtmosphere SpatiallyLoaded:0 Bounds:IsValid=true, Min=(X=0.000 Y=0.000 Z=0.000), Max=(X=0.000 Y=0.000 Z=0.000) RuntimeGrid:None EditorOnly:0 RuntimeOnly:0 HLODRelevant:0 FolderPath:Lighting FolderGuid:B7E9BD5B45A652654791988DEF54CCEB
 |   |   |- Guid:39C876CF450188A926B0DA870A312D11 BaseClass:/Game/Blueprints/Level/EnemyFactoryP2.EnemyFactoryP2_C NativeClass:/Script/TutorialProject2.EnemyGenerator Name:EnemyFactoryP2_C_UAID_244BFE572D7CDA7E01_1678230586 Label:EnemyFactoryP2 SpatiallyLoaded:1 Bounds:IsValid=true, Min=(X=-74.220 Y=3040.479 Z=62.734), Max=(X=-74.220 Y=3040.479 Z=62.734) RuntimeGrid:None EditorOnly:0 RuntimeOnly:0 HLODRelevant:0
 |   |   |- Guid:52B7CBB34EF0BC9FF33A27B74E48D82B BaseClass: NativeClass:/Script/Engine.StaticMeshActor Name:StaticMeshActor_UAID_244BFE572D7CBA7E01_1736067955 Label:Plane2 SpatiallyLoaded:1 Bounds:IsValid=true, Min=(X=-725.637 Y=3442.181 Z=48.258), Max=(X=-249.419 Y=3542.181 Z=48.258) RuntimeGrid:None EditorOnly:0 RuntimeOnly:0 HLODRelevant:1
 |   |   |- Guid:5368FABB47D6D9580DAECA8B0417BF92 BaseClass: NativeClass:/Script/Engine.WorldDataLayers Name:WorldDataLayers Label:WorldDataLayers-1 SpatiallyLoaded:0 Bounds:IsValid=true, Min=(X=0.000 Y=0.000 Z=0.000), Max=(X=0.000 Y=0.000 Z=0.000) RuntimeGrid:None EditorOnly:0 RuntimeOnly:0 HLODRelevant:0
 |   |   |- Guid:A962053545E3996AA1453EA254A95908 BaseClass:/Game/Blueprints/Level/EnemyFactory.EnemyFactory_C NativeClass:/Script/TutorialProject2.EnemyGenerator Name:EnemyFactory_C_UAID_244BFE572D7C9C7A01_2027624449 Label:EnemyFactory SpatiallyLoaded:1 Bounds:IsValid=true, Min=(X=96.684 Y=3163.534 Z=60.793), Max=(X=96.684 Y=3163.534 Z=60.793) RuntimeGrid:None EditorOnly:0 RuntimeOnly:0 HLODRelevant:0
 |   |   |- Guid:AAAC6B5742760A58C2206DB37E44683C BaseClass: NativeClass:/Script/Engine.DirectionalLight Name:DirectionalLight_UAID_A85E45CFE40401D200_1470382761 Label:DirectionalLight SpatiallyLoaded:0 Bounds:IsValid=true, Min=(X=-4398046511104.000 Y=-4398046511104.000 Z=-4398046511104.000), Max=(X=4398046511104.000 Y=4398046511104.000 Z=4398046511104.000) RuntimeGrid:None EditorOnly:0 RuntimeOnly:0 HLODRelevant:0 FolderPath:Lighting FolderGuid:B7E9BD5B45A652654791988DEF54CCEB
 |   |   |- Guid:BB8C37464478C8E15F56498C8A091A54 BaseClass: NativeClass:/Script/Engine.CameraActor Name:CameraActor_UAID_244BFE572D7CB97E01_1543313775 Label:CameraActor SpatiallyLoaded:1 Bounds:IsValid=true, Min=(X=-27.744 Y=2249.074 Z=598.284), Max=(X=-27.744 Y=2249.074 Z=598.284) RuntimeGrid:None EditorOnly:0 RuntimeOnly:0 HLODRelevant:0
 |   |   |- Guid:BE798AFF466496A278C0A0BE6E89940E BaseClass:/Game/SharedUI.SharedUI_C NativeClass:/Script/TutorialProject2.CreateSharedUI Name:SharedUI_C_UAID_244BFE572D7CE47E01_2088447343 Label:SharedUI SpatiallyLoaded:1 Bounds:IsValid=true, Min=(X=101.880 Y=3019.137 Z=78.025), Max=(X=101.880 Y=3019.137 Z=78.025) RuntimeGrid:None EditorOnly:0 RuntimeOnly:0 HLODRelevant:0
 |   |   |- Guid:D3FB7383421AAEFD3DB6F8B1E415A9FE BaseClass: NativeClass:/Script/Engine.ExponentialHeightFog Name:ExponentialHeightFog_UAID_A85E45CFE40401D200_1470382763 Label:ExponentialHeightFog SpatiallyLoaded:0 Bounds:IsValid=true, Min=(X=-5600.000 Y=-50.000 Z=-6850.000), Max=(X=-5600.000 Y=-50.000 Z=-6850.000) RuntimeGrid:None EditorOnly:0 RuntimeOnly:0 HLODRelevant:0 FolderPath:Lighting FolderGuid:B7E9BD5B45A652654791988DEF54CCEB
 |   |   |- Guid:DCB8593B41DB8D826680108852081A17 BaseClass: NativeClass:/Script/Engine.StaticMeshActor Name:StaticMeshActor_UAID_D45D643E8209057901_1647435815 Label:Plane SpatiallyLoaded:1 Bounds:IsValid=true, Min=(X=214.926 Y=3442.181 Z=48.258), Max=(X=691.145 Y=3542.181 Z=48.258) RuntimeGrid:None EditorOnly:0 RuntimeOnly:0 HLODRelevant:1
 |   |- [+] Clusters:
 |   |   |- [+] [  0]
 |   |   |   |- Guid:BE798AFF466496A278C0A0BE6E89940E BaseClass:/Game/SharedUI.SharedUI_C NativeClass:/Script/TutorialProject2.CreateSharedUI Name:SharedUI_C_UAID_244BFE572D7CE47E01_2088447343 Label:SharedUI SpatiallyLoaded:1 Bounds:IsValid=true, Min=(X=101.880 Y=3019.137 Z=78.025), Max=(X=101.880 Y=3019.137 Z=78.025) RuntimeGrid:None EditorOnly:0 RuntimeOnly:0 HLODRelevant:0
 |   |   |- [+] [  1]
 |   |   |   |- Guid:A962053545E3996AA1453EA254A95908 BaseClass:/Game/Blueprints/Level/EnemyFactory.EnemyFactory_C NativeClass:/Script/TutorialProject2.EnemyGenerator Name:EnemyFactory_C_UAID_244BFE572D7C9C7A01_2027624449 Label:EnemyFactory SpatiallyLoaded:1 Bounds:IsValid=true, Min=(X=96.684 Y=3163.534 Z=60.793), Max=(X=96.684 Y=3163.534 Z=60.793) RuntimeGrid:None EditorOnly:0 RuntimeOnly:0 HLODRelevant:0
 |   |   |- [+] [  2]
 |   |   |   |- Guid:AAAC6B5742760A58C2206DB37E44683C BaseClass: NativeClass:/Script/Engine.DirectionalLight Name:DirectionalLight_UAID_A85E45CFE40401D200_1470382761 Label:DirectionalLight SpatiallyLoaded:0 Bounds:IsValid=true, Min=(X=-4398046511104.000 Y=-4398046511104.000 Z=-4398046511104.000), Max=(X=4398046511104.000 Y=4398046511104.000 Z=4398046511104.000) RuntimeGrid:None EditorOnly:0 RuntimeOnly:0 HLODRelevant:0 FolderPath:Lighting FolderGuid:B7E9BD5B45A652654791988DEF54CCEB
 |   |   |- [+] [  3]
 |   |   |   |- Guid:1B2A3C1246130F57462BDF80B84BF25E BaseClass: NativeClass:/Script/Engine.PlayerStart Name:PlayerStart_UAID_244BFE572D7CD37E01_1639674351 Label:PlayerStart SpatiallyLoaded:0 Bounds:IsValid=true, Min=(X=403.144 Y=3072.439 Z=76.152), Max=(X=483.144 Y=3152.439 Z=260.152) RuntimeGrid:None EditorOnly:0 RuntimeOnly:0 HLODRelevant:0
 |   |   |- [+] [  4]
 |   |   |   |- Guid:0F2FD7C74F5E6185A12E4480A63778E3 BaseClass:/Game/Blueprints/Level/PlatformFactory.PlatformFactory_C NativeClass:/Script/TutorialProject2.PlatformFactory Name:PlatformFactory_C_UAID_D45D643E8209B37801_1671945383 Label:PlatformFactory SpatiallyLoaded:1 Bounds:IsValid=true, Min=(X=-80.223 Y=3155.940 Z=68.241), Max=(X=-80.223 Y=3155.940 Z=68.241) RuntimeGrid:None EditorOnly:0 RuntimeOnly:0 HLODRelevant:0
 |   |   |- [+] [  5]
 |   |   |   |- Guid:BB8C37464478C8E15F56498C8A091A54 BaseClass: NativeClass:/Script/Engine.CameraActor Name:CameraActor_UAID_244BFE572D7CB97E01_1543313775 Label:CameraActor SpatiallyLoaded:1 Bounds:IsValid=true, Min=(X=-27.744 Y=2249.074 Z=598.284), Max=(X=-27.744 Y=2249.074 Z=598.284) RuntimeGrid:None EditorOnly:0 RuntimeOnly:0 HLODRelevant:0
 |   |   |- [+] [  6]
 |   |   |   |- Guid:03920DF94EEFC9F86CC66185D32A3DA1 BaseClass: NativeClass:/Script/Engine.StaticMeshActor Name:StaticMeshActor_UAID_A4AE111137DC54FB00_1240666663 Label:SM_SkySphere SpatiallyLoaded:0 Bounds:IsValid=true, Min=(X=-1638400.000 Y=-1638400.000 Z=-1638400.000), Max=(X=1638400.000 Y=1638400.000 Z=1638400.000) RuntimeGrid:None EditorOnly:0 RuntimeOnly:0 HLODRelevant:0 FolderPath:Lighting FolderGuid:B7E9BD5B45A652654791988DEF54CCEB
 |   |   |- [+] [  7]
 |   |   |   |- Guid:2CE12F874AA39D020A0F4BA5739BD305 BaseClass: NativeClass:/Script/Engine.SkyAtmosphere Name:SkyAtmosphere_UAID_A85E45CFE40401D200_1470382762 Label:SkyAtmosphere SpatiallyLoaded:0 Bounds:IsValid=true, Min=(X=0.000 Y=0.000 Z=0.000), Max=(X=0.000 Y=0.000 Z=0.000) RuntimeGrid:None EditorOnly:0 RuntimeOnly:0 HLODRelevant:0 FolderPath:Lighting FolderGuid:B7E9BD5B45A652654791988DEF54CCEB
 |   |   |- [+] [  8]
 |   |   |   |- Guid:DCB8593B41DB8D826680108852081A17 BaseClass: NativeClass:/Script/Engine.StaticMeshActor Name:StaticMeshActor_UAID_D45D643E8209057901_1647435815 Label:Plane SpatiallyLoaded:1 Bounds:IsValid=true, Min=(X=214.926 Y=3442.181 Z=48.258), Max=(X=691.145 Y=3542.181 Z=48.258) RuntimeGrid:None EditorOnly:0 RuntimeOnly:0 HLODRelevant:1
 |   |   |- [+] [  9]
 |   |   |   |- Guid:1DE8D7AC4103A2EABA11649C7FCF8ACA BaseClass: NativeClass:/Script/Engine.SkyLight Name:SkyLight_UAID_A85E45CFE40401D200_1470380759 Label:SkyLight SpatiallyLoaded:0 Bounds:IsValid=true, Min=(X=0.000 Y=0.000 Z=0.000), Max=(X=0.000 Y=0.000 Z=0.000) RuntimeGrid:None EditorOnly:0 RuntimeOnly:0 HLODRelevant:0 FolderPath:Lighting FolderGuid:B7E9BD5B45A652654791988DEF54CCEB
 |   |   |- [+] [ 10]
 |   |   |   |- Guid:D3FB7383421AAEFD3DB6F8B1E415A9FE BaseClass: NativeClass:/Script/Engine.ExponentialHeightFog Name:ExponentialHeightFog_UAID_A85E45CFE40401D200_1470382763 Label:ExponentialHeightFog SpatiallyLoaded:0 Bounds:IsValid=true, Min=(X=-5600.000 Y=-50.000 Z=-6850.000), Max=(X=-5600.000 Y=-50.000 Z=-6850.000) RuntimeGrid:None EditorOnly:0 RuntimeOnly:0 HLODRelevant:0 FolderPath:Lighting FolderGuid:B7E9BD5B45A652654791988DEF54CCEB
 |   |   |- [+] [ 11]
 |   |   |   |- Guid:5368FABB47D6D9580DAECA8B0417BF92 BaseClass: NativeClass:/Script/Engine.WorldDataLayers Name:WorldDataLayers Label:WorldDataLayers-1 SpatiallyLoaded:0 Bounds:IsValid=true, Min=(X=0.000 Y=0.000 Z=0.000), Max=(X=0.000 Y=0.000 Z=0.000) RuntimeGrid:None EditorOnly:0 RuntimeOnly:0 HLODRelevant:0
 |   |   |- [+] [ 12]
 |   |   |   |- Guid:218E3B124735712D7EF272B4FB8E7FF6 BaseClass: NativeClass:/Script/Landscape.Landscape Name:Landscape_UAID_A85E45CFE404FBD100_1221515703 Label:Landscape SpatiallyLoaded:0 Bounds:IsValid=true, Min=(X=-100800.000 Y=-100800.000 Z=100.000), Max=(X=-100800.000 Y=-100800.000 Z=100.000) RuntimeGrid:None EditorOnly:0 RuntimeOnly:0 HLODRelevant:0
 |   |   |- [+] [ 13]
 |   |   |   |- Guid:52B7CBB34EF0BC9FF33A27B74E48D82B BaseClass: NativeClass:/Script/Engine.StaticMeshActor Name:StaticMeshActor_UAID_244BFE572D7CBA7E01_1736067955 Label:Plane2 SpatiallyLoaded:1 Bounds:IsValid=true, Min=(X=-725.637 Y=3442.181 Z=48.258), Max=(X=-249.419 Y=3542.181 Z=48.258) RuntimeGrid:None EditorOnly:0 RuntimeOnly:0 HLODRelevant:1
 |   |   |- [+] [ 14]
 |   |   |   |- Guid:39C876CF450188A926B0DA870A312D11 BaseClass:/Game/Blueprints/Level/EnemyFactoryP2.EnemyFactoryP2_C NativeClass:/Script/TutorialProject2.EnemyGenerator Name:EnemyFactoryP2_C_UAID_244BFE572D7CDA7E01_1678230586 Label:EnemyFactoryP2 SpatiallyLoaded:1 Bounds:IsValid=true, Min=(X=-74.220 Y=3040.479 Z=62.734), Max=(X=-74.220 Y=3040.479 Z=62.734) RuntimeGrid:None EditorOnly:0 RuntimeOnly:0 HLODRelevant:0
 |- ContainerInstances:
 |- [+] MainContainer:
 |   |-        ID: 0x0000000000000000
 |   |-    Bounds: IsValid=true, Min=(X=-725.637 Y=2249.074 Z=48.258), Max=(X=691.145 Y=3542.181 Z=598.284)
 |   |- Transform: 0.000000,0.000000,0.000000|0.000000,0.000000,-0.000000|1.000000,1.000000,1.000000
 |   |- Container: /Game/MainScene
----------------------------------------------------------------------------------------------------------------
MainScene - Persistent Level
----------------------------------------------------------------------------------------------------------------
Always loaded Actor Count: 23 

----------------------------------------------------------------------------------------------------------------
MainScene - Runtime Spatial Hash - Streaming Grid - MainGrid
----------------------------------------------------------------------------------------------------------------
            Origin: X=0.000 Y=0.000 Z=0.000
         Cell Size: 25600
      World Bounds: IsValid=true, Min=(X=-725.637 Y=2249.074 Z=48.258), Max=(X=691.145 Y=3542.181 Z=598.284)
     Loading Range: 76800.00
Block Slow Loading: No
 ClientOnlyVisible: No

[+] Grid Levels: 2
 |- Level  0: Cell Count    2 | Cell Size   25600 | Actor Count    7 (100.0%)
 |- Level  1: Cell Count    0 | Cell Size   51200 | Actor Count    0 (0.0%)

[+] Content of Grid Level 0
 |- [+] Content of Cell MainGrid_L0_X0_Y0
 |   |- Actor Count: 3
 |   |- MinMaxZ: X=48.258 Y=78.025
 |   |- Actor Path: /Game/MainScene.MainScene:PersistentLevel.SharedUI_C_UAID_244BFE572D7CE47E01_2088447343
 |   |- Actor Package: /Game/__ExternalActors__/MainScene/0/9E/GO6VDJD2CI4C6B0T7J1ZOA
 |   |- Actor Path: /Game/MainScene.MainScene:PersistentLevel.EnemyFactory_C_UAID_244BFE572D7C9C7A01_2027624449
 |   |- Actor Package: /Game/__ExternalActors__/MainScene/0/VG/VUKVE2B6RB79D5OYO4PW7U
 |   |- Actor Path: /Game/MainScene.MainScene:PersistentLevel.StaticMeshActor_UAID_D45D643E8209057901_1647435815
 |   |- Actor Package: /Game/__ExternalActors__/MainScene/7/M4/GBSIS4JW4HEHM3MUAM71AZ
 |- [+] Content of Cell MainGrid_L0_X-1_Y0
 |   |- Actor Count: 4
 |   |- MinMaxZ: X=48.258 Y=598.284
 |   |- Actor Path: /Game/MainScene.MainScene:PersistentLevel.PlatformFactory_C_UAID_D45D643E8209B37801_1671945383
 |   |- Actor Package: /Game/__ExternalActors__/MainScene/3/3P/RA2N4XRLAAQD8CWCFWCAAU
 |   |- Actor Path: /Game/MainScene.MainScene:PersistentLevel.CameraActor_UAID_244BFE572D7CB97E01_1543313775
 |   |- Actor Package: /Game/__ExternalActors__/MainScene/3/EY/TOLKLSBVYDT9O3JBO8N4CO
 |   |- Actor Path: /Game/MainScene.MainScene:PersistentLevel.StaticMeshActor_UAID_244BFE572D7CBA7E01_1736067955
 |   |- Actor Package: /Game/__ExternalActors__/MainScene/C/BV/TEPYFSJO1YG8BFZQGD4O2H
 |   |- Actor Path: /Game/MainScene.MainScene:PersistentLevel.EnemyFactoryP2_C_UAID_244BFE572D7CDA7E01_1678230586
 |   |- Actor Package: /Game/__ExternalActors__/MainScene/E/4V/H8HI8KAZHH82FIW7WL4L17
[+] Content of Grid Level 1

