[+] Containers:
 |- [+] Container: /Game/MainScene
 |   |- [+] ActorDescs:
 |   |   |- Guid:03920DF94EEFC9F86CC66185D32A3DA1 BaseClass: NativeClass:/Script/Engine.StaticMeshActor Name:StaticMeshActor_UAID_A4AE111137DC54FB00_1240666663 Label:SM_SkySphere SpatiallyLoaded:0 Bounds:IsValid=true, Min=(X=-1638400.000 Y=-1638400.000 Z=-1638400.000), Max=(X=1638400.000 Y=1638400.000 Z=1638400.000) RuntimeGrid:None EditorOnly:0 RuntimeOnly:0 HLODRelevant:0 FolderPath:Lighting FolderGuid:B7E9BD5B45A652654791988DEF54CCEB
 |   |   |- Guid:0F2FD7C74F5E6185A12E4480A63778E3 BaseClass:/Game/Blueprints/Level/PlatformFactory.PlatformFactory_C NativeClass:/Script/TutorialProject2.PlatformFactory Name:PlatformFactory_C_UAID_D45D643E8209B37801_1671945383 Label:PlatformFactory SpatiallyLoaded:1 Bounds:IsValid=true, Min=(X=-128.313 Y=2779.705 Z=425.394), Max=(X=-128.313 Y=2779.705 Z=425.394) RuntimeGrid:None EditorOnly:0 RuntimeOnly:0 HLODRelevant:0
 |   |   |- Guid:1DE8D7AC4103A2EABA11649C7FCF8ACA BaseClass: NativeClass:/Script/Engine.SkyLight Name:SkyLight_UAID_A85E45CFE40401D200_1470380759 Label:SkyLight SpatiallyLoaded:0 Bounds:IsValid=true, Min=(X=0.000 Y=0.000 Z=0.000), Max=(X=0.000 Y=0.000 Z=0.000) RuntimeGrid:None EditorOnly:0 RuntimeOnly:0 HLODRelevant:0 FolderPath:Lighting FolderGuid:B7E9BD5B45A652654791988DEF54CCEB
 |   |   |- Guid:218E3B124735712D7EF272B4FB8E7FF6 BaseClass: NativeClass:/Script/Landscape.Landscape Name:Landscape_UAID_A85E45CFE404FBD100_1221515703 Label:Landscape SpatiallyLoaded:0 Bounds:IsValid=true, Min=(X=-100800.000 Y=-100800.000 Z=100.000), Max=(X=-100800.000 Y=-100800.000 Z=100.000) RuntimeGrid:None EditorOnly:0 RuntimeOnly:0 HLODRelevant:0
 |   |   |- Guid:2CE12F874AA39D020A0F4BA5739BD305 BaseClass: NativeClass:/Script/Engine.SkyAtmosphere Name:SkyAtmosphere_UAID_A85E45CFE40401D200_1470382762 Label:SkyAtmosphere SpatiallyLoaded:0 Bounds:IsValid=true, Min=(X=0.000 Y=0.000 Z=0.000), Max=(X=0.000 Y=0.000 Z=0.000) RuntimeGrid:None EditorOnly:0 RuntimeOnly:0 HLODRelevant:0 FolderPath:Lighting FolderGuid:B7E9BD5B45A652654791988DEF54CCEB
 |   |   |- Guid:392CF0704A3F88B7F48C85B5EAB702D3 BaseClass:/Game/Blueprints/Level/Platforms/Platform_1.Platform_1_C NativeClass:/Script/TutorialProject2.MovingPlatform Name:Platform_1_C_UAID_244BFE572D7CBA7E01_1201795952 Label:Platform_1 SpatiallyLoaded:1 Bounds:IsValid=true, Min=(X=-3543.043 Y=2621.867 Z=-771.233), Max=(X=3490.386 Y=4222.077 Z=847.072) RuntimeGrid:None EditorOnly:0 RuntimeOnly:0 HLODRelevant:0
 |   |   |- Guid:52B7CBB34EF0BC9FF33A27B74E48D82B BaseClass: NativeClass:/Script/Engine.StaticMeshActor Name:StaticMeshActor_UAID_244BFE572D7CBA7E01_1736067955 Label:Plane2 SpatiallyLoaded:1 Bounds:IsValid=true, Min=(X=-865.709 Y=2875.945 Z=39.887), Max=(X=-389.490 Y=2975.945 Z=39.887) RuntimeGrid:None EditorOnly:0 RuntimeOnly:0 HLODRelevant:1
 |   |   |- Guid:5368FABB47D6D9580DAECA8B0417BF92 BaseClass: NativeClass:/Script/Engine.WorldDataLayers Name:WorldDataLayers Label:WorldDataLayers-1 SpatiallyLoaded:0 Bounds:IsValid=true, Min=(X=0.000 Y=0.000 Z=0.000), Max=(X=0.000 Y=0.000 Z=0.000) RuntimeGrid:None EditorOnly:0 RuntimeOnly:0 HLODRelevant:0
 |   |   |- Guid:A4B66ECE4AE04CC6A663D8B6798CDCE2 BaseClass:/Game/Player1Obj.Player1Obj_C NativeClass:/Script/TutorialProject2.PrimaryObjectBase Name:Player1Obj_C_UAID_244BFE572D7CBC7E01_1699488308 Label:Player1Obj SpatiallyLoaded:1 Bounds:IsValid=true, Min=(X=87.513 Y=3066.595 Z=23.618), Max=(X=187.513 Y=3166.595 Z=123.618) RuntimeGrid:None EditorOnly:0 RuntimeOnly:0 HLODRelevant:0
 |   |   |- Guid:A962053545E3996AA1453EA254A95908 BaseClass:/Game/Blueprints/Level/EnemyFactory.EnemyFactory_C NativeClass:/Script/TutorialProject2.EnemyGenerator Name:EnemyFactory_C_UAID_244BFE572D7C9C7A01_2027624449 Label:EnemyFactory SpatiallyLoaded:1 Bounds:IsValid=true, Min=(X=48.593 Y=2787.298 Z=429.163), Max=(X=48.593 Y=2787.298 Z=429.163) RuntimeGrid:None EditorOnly:0 RuntimeOnly:0 HLODRelevant:0
 |   |   |- Guid:AAAC6B5742760A58C2206DB37E44683C BaseClass: NativeClass:/Script/Engine.DirectionalLight Name:DirectionalLight_UAID_A85E45CFE40401D200_1470382761 Label:DirectionalLight SpatiallyLoaded:0 Bounds:IsValid=true, Min=(X=-4398046511104.000 Y=-4398046511104.000 Z=-4398046511104.000), Max=(X=4398046511104.000 Y=4398046511104.000 Z=4398046511104.000) RuntimeGrid:None EditorOnly:0 RuntimeOnly:0 HLODRelevant:0 FolderPath:Lighting FolderGuid:B7E9BD5B45A652654791988DEF54CCEB
 |   |   |- Guid:BB8C37464478C8E15F56498C8A091A54 BaseClass: NativeClass:/Script/Engine.CameraActor Name:CameraActor_UAID_244BFE572D7CB97E01_1543313775 Label:CameraActor SpatiallyLoaded:1 Bounds:IsValid=true, Min=(X=-27.744 Y=1457.520 Z=586.549), Max=(X=-27.744 Y=1457.520 Z=586.549) RuntimeGrid:None EditorOnly:0 RuntimeOnly:0 HLODRelevant:0
 |   |   |- Guid:D3FB7383421AAEFD3DB6F8B1E415A9FE BaseClass: NativeClass:/Script/Engine.ExponentialHeightFog Name:ExponentialHeightFog_UAID_A85E45CFE40401D200_1470382763 Label:ExponentialHeightFog SpatiallyLoaded:0 Bounds:IsValid=true, Min=(X=-5600.000 Y=-50.000 Z=-6850.000), Max=(X=-5600.000 Y=-50.000 Z=-6850.000) RuntimeGrid:None EditorOnly:0 RuntimeOnly:0 HLODRelevant:0 FolderPath:Lighting FolderGuid:B7E9BD5B45A652654791988DEF54CCEB
 |   |   |- Guid:D65276A9458A203059672FB0F9DEAACA BaseClass:/Game/Player2Obj.Player2Obj_C NativeClass:/Script/TutorialProject2.PrimaryObjectBase Name:Player2Obj_C_UAID_244BFE572D7CBC7E01_1701129309 Label:Player2Obj SpatiallyLoaded:1 Bounds:IsValid=true, Min=(X=-218.324 Y=3035.046 Z=23.618), Max=(X=-118.324 Y=3135.046 Z=123.618) RuntimeGrid:None EditorOnly:0 RuntimeOnly:0 HLODRelevant:0
 |   |   |- Guid:DCB8593B41DB8D826680108852081A17 BaseClass: NativeClass:/Script/Engine.StaticMeshActor Name:StaticMeshActor_UAID_D45D643E8209057901_1647435815 Label:Plane SpatiallyLoaded:1 Bounds:IsValid=true, Min=(X=191.947 Y=2875.945 Z=39.887), Max=(X=668.165 Y=2975.945 Z=39.887) RuntimeGrid:None EditorOnly:0 RuntimeOnly:0 HLODRelevant:1
 |   |   |- Guid:FF1BBFB34FF34D212FFDD4A5930173B6 BaseClass:/Game/Blueprints/Level/Platforms/Enemy_1.Enemy_1_C NativeClass:/Script/TutorialProject2.Enemy Name:Enemy_1_C_UAID_244BFE572D7CBA7E01_1394054954 Label:Enemy_1 SpatiallyLoaded:1 Bounds:IsValid=true, Min=(X=-402.403 Y=2930.867 Z=-12.381), Max=(X=-302.403 Y=3030.867 Z=87.619) RuntimeGrid:None EditorOnly:0 RuntimeOnly:0 HLODRelevant:0
 |   |- [+] Clusters:
 |   |   |- [+] [  0]
 |   |   |   |- Guid:A962053545E3996AA1453EA254A95908 BaseClass:/Game/Blueprints/Level/EnemyFactory.EnemyFactory_C NativeClass:/Script/TutorialProject2.EnemyGenerator Name:EnemyFactory_C_UAID_244BFE572D7C9C7A01_2027624449 Label:EnemyFactory SpatiallyLoaded:1 Bounds:IsValid=true, Min=(X=48.593 Y=2787.298 Z=429.163), Max=(X=48.593 Y=2787.298 Z=429.163) RuntimeGrid:None EditorOnly:0 RuntimeOnly:0 HLODRelevant:0
 |   |   |- [+] [  1]
 |   |   |   |- Guid:AAAC6B5742760A58C2206DB37E44683C BaseClass: NativeClass:/Script/Engine.DirectionalLight Name:DirectionalLight_UAID_A85E45CFE40401D200_1470382761 Label:DirectionalLight SpatiallyLoaded:0 Bounds:IsValid=true, Min=(X=-4398046511104.000 Y=-4398046511104.000 Z=-4398046511104.000), Max=(X=4398046511104.000 Y=4398046511104.000 Z=4398046511104.000) RuntimeGrid:None EditorOnly:0 RuntimeOnly:0 HLODRelevant:0 FolderPath:Lighting FolderGuid:B7E9BD5B45A652654791988DEF54CCEB
 |   |   |- [+] [  2]
 |   |   |   |- Guid:FF1BBFB34FF34D212FFDD4A5930173B6 BaseClass:/Game/Blueprints/Level/Platforms/Enemy_1.Enemy_1_C NativeClass:/Script/TutorialProject2.Enemy Name:Enemy_1_C_UAID_244BFE572D7CBA7E01_1394054954 Label:Enemy_1 SpatiallyLoaded:1 Bounds:IsValid=true, Min=(X=-402.403 Y=2930.867 Z=-12.381), Max=(X=-302.403 Y=3030.867 Z=87.619) RuntimeGrid:None EditorOnly:0 RuntimeOnly:0 HLODRelevant:0
 |   |   |- [+] [  3]
 |   |   |   |- Guid:0F2FD7C74F5E6185A12E4480A63778E3 BaseClass:/Game/Blueprints/Level/PlatformFactory.PlatformFactory_C NativeClass:/Script/TutorialProject2.PlatformFactory Name:PlatformFactory_C_UAID_D45D643E8209B37801_1671945383 Label:PlatformFactory SpatiallyLoaded:1 Bounds:IsValid=true, Min=(X=-128.313 Y=2779.705 Z=425.394), Max=(X=-128.313 Y=2779.705 Z=425.394) RuntimeGrid:None EditorOnly:0 RuntimeOnly:0 HLODRelevant:0
 |   |   |- [+] [  4]
 |   |   |   |- Guid:BB8C37464478C8E15F56498C8A091A54 BaseClass: NativeClass:/Script/Engine.CameraActor Name:CameraActor_UAID_244BFE572D7CB97E01_1543313775 Label:CameraActor SpatiallyLoaded:1 Bounds:IsValid=true, Min=(X=-27.744 Y=1457.520 Z=586.549), Max=(X=-27.744 Y=1457.520 Z=586.549) RuntimeGrid:None EditorOnly:0 RuntimeOnly:0 HLODRelevant:0
 |   |   |- [+] [  5]
 |   |   |   |- Guid:03920DF94EEFC9F86CC66185D32A3DA1 BaseClass: NativeClass:/Script/Engine.StaticMeshActor Name:StaticMeshActor_UAID_A4AE111137DC54FB00_1240666663 Label:SM_SkySphere SpatiallyLoaded:0 Bounds:IsValid=true, Min=(X=-1638400.000 Y=-1638400.000 Z=-1638400.000), Max=(X=1638400.000 Y=1638400.000 Z=1638400.000) RuntimeGrid:None EditorOnly:0 RuntimeOnly:0 HLODRelevant:0 FolderPath:Lighting FolderGuid:B7E9BD5B45A652654791988DEF54CCEB
 |   |   |- [+] [  6]
 |   |   |   |- Guid:392CF0704A3F88B7F48C85B5EAB702D3 BaseClass:/Game/Blueprints/Level/Platforms/Platform_1.Platform_1_C NativeClass:/Script/TutorialProject2.MovingPlatform Name:Platform_1_C_UAID_244BFE572D7CBA7E01_1201795952 Label:Platform_1 SpatiallyLoaded:1 Bounds:IsValid=true, Min=(X=-3543.043 Y=2621.867 Z=-771.233), Max=(X=3490.386 Y=4222.077 Z=847.072) RuntimeGrid:None EditorOnly:0 RuntimeOnly:0 HLODRelevant:0
 |   |   |- [+] [  7]
 |   |   |   |- Guid:2CE12F874AA39D020A0F4BA5739BD305 BaseClass: NativeClass:/Script/Engine.SkyAtmosphere Name:SkyAtmosphere_UAID_A85E45CFE40401D200_1470382762 Label:SkyAtmosphere SpatiallyLoaded:0 Bounds:IsValid=true, Min=(X=0.000 Y=0.000 Z=0.000), Max=(X=0.000 Y=0.000 Z=0.000) RuntimeGrid:None EditorOnly:0 RuntimeOnly:0 HLODRelevant:0 FolderPath:Lighting FolderGuid:B7E9BD5B45A652654791988DEF54CCEB
 |   |   |- [+] [  8]
 |   |   |   |- Guid:DCB8593B41DB8D826680108852081A17 BaseClass: NativeClass:/Script/Engine.StaticMeshActor Name:StaticMeshActor_UAID_D45D643E8209057901_1647435815 Label:Plane SpatiallyLoaded:1 Bounds:IsValid=true, Min=(X=191.947 Y=2875.945 Z=39.887), Max=(X=668.165 Y=2975.945 Z=39.887) RuntimeGrid:None EditorOnly:0 RuntimeOnly:0 HLODRelevant:1
 |   |   |- [+] [  9]
 |   |   |   |- Guid:1DE8D7AC4103A2EABA11649C7FCF8ACA BaseClass: NativeClass:/Script/Engine.SkyLight Name:SkyLight_UAID_A85E45CFE40401D200_1470380759 Label:SkyLight SpatiallyLoaded:0 Bounds:IsValid=true, Min=(X=0.000 Y=0.000 Z=0.000), Max=(X=0.000 Y=0.000 Z=0.000) RuntimeGrid:None EditorOnly:0 RuntimeOnly:0 HLODRelevant:0 FolderPath:Lighting FolderGuid:B7E9BD5B45A652654791988DEF54CCEB
 |   |   |- [+] [ 10]
 |   |   |   |- Guid:D3FB7383421AAEFD3DB6F8B1E415A9FE BaseClass: NativeClass:/Script/Engine.ExponentialHeightFog Name:ExponentialHeightFog_UAID_A85E45CFE40401D200_1470382763 Label:ExponentialHeightFog SpatiallyLoaded:0 Bounds:IsValid=true, Min=(X=-5600.000 Y=-50.000 Z=-6850.000), Max=(X=-5600.000 Y=-50.000 Z=-6850.000) RuntimeGrid:None EditorOnly:0 RuntimeOnly:0 HLODRelevant:0 FolderPath:Lighting FolderGuid:B7E9BD5B45A652654791988DEF54CCEB
 |   |   |- [+] [ 11]
 |   |   |   |- Guid:5368FABB47D6D9580DAECA8B0417BF92 BaseClass: NativeClass:/Script/Engine.WorldDataLayers Name:WorldDataLayers Label:WorldDataLayers-1 SpatiallyLoaded:0 Bounds:IsValid=true, Min=(X=0.000 Y=0.000 Z=0.000), Max=(X=0.000 Y=0.000 Z=0.000) RuntimeGrid:None EditorOnly:0 RuntimeOnly:0 HLODRelevant:0
 |   |   |- [+] [ 12]
 |   |   |   |- Guid:218E3B124735712D7EF272B4FB8E7FF6 BaseClass: NativeClass:/Script/Landscape.Landscape Name:Landscape_UAID_A85E45CFE404FBD100_1221515703 Label:Landscape SpatiallyLoaded:0 Bounds:IsValid=true, Min=(X=-100800.000 Y=-100800.000 Z=100.000), Max=(X=-100800.000 Y=-100800.000 Z=100.000) RuntimeGrid:None EditorOnly:0 RuntimeOnly:0 HLODRelevant:0
 |   |   |- [+] [ 13]
 |   |   |   |- Guid:52B7CBB34EF0BC9FF33A27B74E48D82B BaseClass: NativeClass:/Script/Engine.StaticMeshActor Name:StaticMeshActor_UAID_244BFE572D7CBA7E01_1736067955 Label:Plane2 SpatiallyLoaded:1 Bounds:IsValid=true, Min=(X=-865.709 Y=2875.945 Z=39.887), Max=(X=-389.490 Y=2975.945 Z=39.887) RuntimeGrid:None EditorOnly:0 RuntimeOnly:0 HLODRelevant:1
 |   |   |- [+] [ 14]
 |   |   |   |- Guid:A4B66ECE4AE04CC6A663D8B6798CDCE2 BaseClass:/Game/Player1Obj.Player1Obj_C NativeClass:/Script/TutorialProject2.PrimaryObjectBase Name:Player1Obj_C_UAID_244BFE572D7CBC7E01_1699488308 Label:Player1Obj SpatiallyLoaded:1 Bounds:IsValid=true, Min=(X=87.513 Y=3066.595 Z=23.618), Max=(X=187.513 Y=3166.595 Z=123.618) RuntimeGrid:None EditorOnly:0 RuntimeOnly:0 HLODRelevant:0
 |   |   |- [+] [ 15]
 |   |   |   |- Guid:D65276A9458A203059672FB0F9DEAACA BaseClass:/Game/Player2Obj.Player2Obj_C NativeClass:/Script/TutorialProject2.PrimaryObjectBase Name:Player2Obj_C_UAID_244BFE572D7CBC7E01_1701129309 Label:Player2Obj SpatiallyLoaded:1 Bounds:IsValid=true, Min=(X=-218.324 Y=3035.046 Z=23.618), Max=(X=-118.324 Y=3135.046 Z=123.618) RuntimeGrid:None EditorOnly:0 RuntimeOnly:0 HLODRelevant:0
 |- ContainerInstances:
 |- [+] MainContainer:
 |   |-        ID: 0x0000000000000000
 |   |-    Bounds: IsValid=true, Min=(X=-3543.043 Y=1457.520 Z=-771.233), Max=(X=3490.386 Y=4222.077 Z=847.072)
 |   |- Transform: 0.000000,0.000000,0.000000|0.000000,0.000000,-0.000000|1.000000,1.000000,1.000000
 |   |- Container: /Game/MainScene
----------------------------------------------------------------------------------------------------------------
MainScene - Persistent Level
----------------------------------------------------------------------------------------------------------------
Always loaded Actor Count: 26 

----------------------------------------------------------------------------------------------------------------
MainScene - Runtime Spatial Hash - Streaming Grid - MainGrid
----------------------------------------------------------------------------------------------------------------
            Origin: X=0.000 Y=0.000 Z=0.000
         Cell Size: 25600
      World Bounds: IsValid=true, Min=(X=-3543.043 Y=1457.520 Z=-771.233), Max=(X=3490.386 Y=4222.077 Z=847.072)
     Loading Range: 76800.00
Block Slow Loading: No
 ClientOnlyVisible: No

[+] Grid Levels: 2
 |- Level  0: Cell Count    2 | Cell Size   25600 | Actor Count    8 (100.0%)
 |- Level  1: Cell Count    0 | Cell Size   51200 | Actor Count    0 (0.0%)

[+] Content of Grid Level 0
 |- [+] Content of Cell MainGrid_L0_X0_Y0
 |   |- Actor Count: 3
 |   |- MinMaxZ: X=23.618 Y=429.163
 |   |- Actor Path: /Game/MainScene.MainScene:PersistentLevel.EnemyFactory_C_UAID_244BFE572D7C9C7A01_2027624449
 |   |- Actor Package: /Game/__ExternalActors__/MainScene/0/VG/VUKVE2B6RB79D5OYO4PW7U
 |   |- Actor Path: /Game/MainScene.MainScene:PersistentLevel.StaticMeshActor_UAID_D45D643E8209057901_1647435815
 |   |- Actor Package: /Game/__ExternalActors__/MainScene/7/M4/GBSIS4JW4HEHM3MUAM71AZ
 |   |- Actor Path: /Game/MainScene.MainScene:PersistentLevel.Player1Obj_C_UAID_244BFE572D7CBC7E01_1699488308
 |   |- Actor Package: /Game/__ExternalActors__/MainScene/8/H6/B23GYNNS6ZSDQZY8I7U0NR
 |- [+] Content of Cell MainGrid_L0_X-1_Y0
 |   |- Actor Count: 5
 |   |- MinMaxZ: X=-12.381 Y=586.549
 |   |- Actor Path: /Game/MainScene.MainScene:PersistentLevel.Enemy_1_C_UAID_244BFE572D7CBA7E01_1394054954
 |   |- Actor Package: /Game/__ExternalActors__/MainScene/3/30/W29R5QPKKGQU8YM8S20VEH
 |   |- Actor Path: /Game/MainScene.MainScene:PersistentLevel.PlatformFactory_C_UAID_D45D643E8209B37801_1671945383
 |   |- Actor Package: /Game/__ExternalActors__/MainScene/3/3P/RA2N4XRLAAQD8CWCFWCAAU
 |   |- Actor Path: /Game/MainScene.MainScene:PersistentLevel.CameraActor_UAID_244BFE572D7CB97E01_1543313775
 |   |- Actor Package: /Game/__ExternalActors__/MainScene/3/EY/TOLKLSBVYDT9O3JBO8N4CO
 |   |- Actor Path: /Game/MainScene.MainScene:PersistentLevel.StaticMeshActor_UAID_244BFE572D7CBA7E01_1736067955
 |   |- Actor Package: /Game/__ExternalActors__/MainScene/C/BV/TEPYFSJO1YG8BFZQGD4O2H
 |   |- Actor Path: /Game/MainScene.MainScene:PersistentLevel.Player2Obj_C_UAID_244BFE572D7CBC7E01_1701129309
 |   |- Actor Package: /Game/__ExternalActors__/MainScene/3/5T/TJCNNJ8JV66246UI6IYP2M
[+] Content of Grid Level 1

